[debug] [2021-12-25T14:39:57.029Z] ----------------------------------------------------------------------
[debug] [2021-12-25T14:39:57.033Z] Command:       C:\Program Files\nodejs\node.exe C:\Users\Harendra\AppData\Roaming\npm\node_modules\firebase-tools\lib\bin\firebase.js init
[debug] [2021-12-25T14:39:57.034Z] CLI Version:   10.0.1
[debug] [2021-12-25T14:39:57.034Z] Platform:      win32
[debug] [2021-12-25T14:39:57.034Z] Node Version:  v16.13.0
[debug] [2021-12-25T14:39:57.036Z] Time:          Sat Dec 25 2021 20:09:57 GMT+0530 (India Standard Time)
[debug] [2021-12-25T14:39:57.036Z] ----------------------------------------------------------------------
[debug] 
[debug] [2021-12-25T14:39:57.137Z] > command requires scopes: ["email","openid","https://www.googleapis.com/auth/cloudplatformprojects.readonly","https://www.googleapis.com/auth/firebase","https://www.googleapis.com/auth/cloud-platform"]
[debug] [2021-12-25T14:39:57.138Z] > authorizing via signed-in user (hkdas5464@gmail.com)
[info] 
     ######## #### ########  ######## ########     ###     ######  ########
     ##        ##  ##     ## ##       ##     ##  ##   ##  ##       ##
     ######    ##  ########  ######   ########  #########  ######  ######
     ##        ##  ##    ##  ##       ##     ## ##     ##       ## ##
     ##       #### ##     ## ######## ########  ##     ##  ######  ########

You're about to initialize a Firebase project in this directory:

  C:\Users\Harendra\news-app

Before we get started, keep in mind:

  * You are initializing within an existing Firebase project directory

[info] 
=== Project Setup
[info] 
[info] First, let's associate this project directory with a Firebase project.
[info] You can create multiple project aliases by running firebase use --add, 
[info] but for now we'll just set up a default project.
[info] 
[debug] [2021-12-25T14:40:01.716Z] Using project from CLI flag: angular-news-app-6ae32
[debug] [2021-12-25T14:40:01.720Z] > refreshing access token with scopes: []
[debug] [2021-12-25T14:40:01.721Z] >>> HTTP REQUEST POST https://www.googleapis.com/oauth2/v3/token  
 <request body omitted>
[debug] [2021-12-25T14:40:02.080Z] <<< HTTP RESPONSE 200 {"expires":"Mon, 01 Jan 1990 00:00:00 GMT","pragma":"no-cache","date":"Sat, 25 Dec 2021 14:40:02 GMT","cache-control":"no-cache, no-store, max-age=0, must-revalidate","content-type":"application/json; charset=utf-8","vary":"X-Origin, Referer, Origin,Accept-Encoding","server":"scaffolding on HTTPServer2","x-xss-protection":"0","x-frame-options":"SAMEORIGIN","x-content-type-options":"nosniff","alt-svc":"h3=\":443\"; ma=2592000,h3-29=\":443\"; ma=2592000,h3-Q050=\":443\"; ma=2592000,h3-Q046=\":443\"; ma=2592000,h3-Q043=\":443\"; ma=2592000,quic=\":443\"; ma=2592000; v=\"46,43\"","accept-ranges":"none","transfer-encoding":"chunked"}
[debug] [2021-12-25T14:40:02.175Z] >>> [apiv2][query] GET https://firebase.googleapis.com/v1beta1/projects/angular-news-app-6ae32 [none]
[debug] [2021-12-25T14:40:02.850Z] <<< [apiv2][status] GET https://firebase.googleapis.com/v1beta1/projects/angular-news-app-6ae32 200
[debug] [2021-12-25T14:40:02.851Z] <<< [apiv2][body] GET https://firebase.googleapis.com/v1beta1/projects/angular-news-app-6ae32 {"projectId":"angular-news-app-6ae32","projectNumber":"842711911105","displayName":"Angular-News-App","name":"projects/angular-news-app-6ae32","resources":{"hostingSite":"angular-news-app-6ae32"},"state":"ACTIVE"}
[info] i  Using project angular-news-app-6ae32 (Angular-News-App) 
[info] 
=== Hosting Setup
[info] 
[info] Your public directory is the folder (relative to your project directory) that
[info] will contain Hosting assets to be uploaded with firebase deploy. If you
[info] have a build process for your assets, use your build's output directory.
[info] 
